{
  "stats": {
    "suites": 1,
    "tests": 1,
    "passes": 1,
    "pending": 0,
    "failures": 0,
    "start": "2023-06-05T23:18:54.548Z",
    "end": "2023-06-05T23:18:55.570Z",
    "duration": 1022,
    "testsRegistered": 1,
    "passPercent": 100,
    "pendingPercent": 0,
    "other": 0,
    "hasOther": false,
    "skipped": 0,
    "hasSkipped": false
  },
  "results": [
    {
      "uuid": "9b1ae535-dfce-452c-b1db-5b80e661d81c",
      "title": "",
      "fullFile": "cypress\\e2e\\get_list_users.spec.cy.js",
      "file": "cypress\\e2e\\get_list_users.spec.cy.js",
      "beforeHooks": [],
      "afterHooks": [],
      "tests": [],
      "suites": [
        {
          "uuid": "f3f058b2-4d4a-4425-a015-74be38ef90bc",
          "title": "Consulta de usuarios via API Reqres.in",
          "fullFile": "",
          "file": "",
          "beforeHooks": [],
          "afterHooks": [],
          "tests": [
            {
              "title": "GET - Deve retornar uma lista de usuarios",
              "fullTitle": "Consulta de usuarios via API Reqres.in GET - Deve retornar uma lista de usuarios",
              "timedOut": null,
              "duration": 972,
              "state": "passed",
              "speed": "fast",
              "pass": true,
              "fail": false,
              "pending": false,
              "context": null,
              "code": "cy.consult_list_users();",
              "err": {},
              "uuid": "b172ca5a-32e6-4564-9a04-4de180453115",
              "parentUUID": "f3f058b2-4d4a-4425-a015-74be38ef90bc",
              "isHook": false,
              "skipped": false
            }
          ],
          "suites": [],
          "passes": [
            "b172ca5a-32e6-4564-9a04-4de180453115"
          ],
          "failures": [],
          "pending": [],
          "skipped": [],
          "duration": 972,
          "root": false,
          "rootEmpty": false,
          "_timeout": 2000
        }
      ],
      "passes": [],
      "failures": [],
      "pending": [],
      "skipped": [],
      "duration": 0,
      "root": true,
      "rootEmpty": true,
      "_timeout": 2000
    }
  ],
  "meta": {
    "mocha": {
      "version": "7.0.1"
    },
    "mochawesome": {
      "options": {
        "quiet": false,
        "reportFilename": "mochawesome",
        "saveHtml": false,
        "saveJson": true,
        "consoleReporter": "spec",
        "useInlineDiffs": false,
        "code": true
      },
      "version": "7.1.3"
    },
    "marge": {
      "options": {
        "id": "default",
        "reportDir": "cypress/reports/mocha",
        "quite": true,
        "overwrite": false,
        "html": false,
        "json": true
      },
      "version": "6.2.0"
    }
  }
}