{
  "stats": {
    "suites": 1,
    "tests": 1,
    "passes": 1,
    "pending": 0,
    "failures": 0,
    "start": "2023-06-06T13:45:54.127Z",
    "end": "2023-06-06T13:45:58.673Z",
    "duration": 4546,
    "testsRegistered": 1,
    "passPercent": 100,
    "pendingPercent": 0,
    "other": 0,
    "hasOther": false,
    "skipped": 0,
    "hasSkipped": false
  },
  "results": [
    {
      "uuid": "d203b77a-68ee-4030-a926-a8b846e81c88",
      "title": "",
      "fullFile": "cypress\\e2e\\get_list_users.spec.cy.js",
      "file": "cypress\\e2e\\get_list_users.spec.cy.js",
      "beforeHooks": [],
      "afterHooks": [],
      "tests": [],
      "suites": [
        {
          "uuid": "1f7e34e6-7628-43cf-a314-9e3ed307b09a",
          "title": "Consulta de usuarios via API Reqres.in",
          "fullFile": "",
          "file": "",
          "beforeHooks": [],
          "afterHooks": [],
          "tests": [
            {
              "title": "GET - Deve retornar uma lista de usuarios",
              "fullTitle": "Consulta de usuarios via API Reqres.in GET - Deve retornar uma lista de usuarios",
              "timedOut": null,
              "duration": 4283,
              "state": "passed",
              "speed": "fast",
              "pass": true,
              "fail": false,
              "pending": false,
              "context": null,
              "code": "cy.consult_list_users();",
              "err": {},
              "uuid": "47bfae52-fd96-48e6-822f-5e50c71af23c",
              "parentUUID": "1f7e34e6-7628-43cf-a314-9e3ed307b09a",
              "isHook": false,
              "skipped": false
            }
          ],
          "suites": [],
          "passes": [
            "47bfae52-fd96-48e6-822f-5e50c71af23c"
          ],
          "failures": [],
          "pending": [],
          "skipped": [],
          "duration": 4283,
          "root": false,
          "rootEmpty": false,
          "_timeout": 2000
        }
      ],
      "passes": [],
      "failures": [],
      "pending": [],
      "skipped": [],
      "duration": 0,
      "root": true,
      "rootEmpty": true,
      "_timeout": 2000
    }
  ],
  "meta": {
    "mocha": {
      "version": "7.0.1"
    },
    "mochawesome": {
      "options": {
        "quiet": false,
        "reportFilename": "mochawesome",
        "saveHtml": false,
        "saveJson": true,
        "consoleReporter": "spec",
        "useInlineDiffs": false,
        "code": true
      },
      "version": "7.1.3"
    },
    "marge": {
      "options": {
        "id": "default",
        "reportDir": "cypress/reports/mocha",
        "quite": true,
        "overwrite": false,
        "html": false,
        "json": true
      },
      "version": "6.2.0"
    }
  }
}