{
  "stats": {
    "suites": 1,
    "tests": 1,
    "passes": 1,
    "pending": 0,
    "failures": 0,
    "start": "2023-05-31T16:05:22.513Z",
    "end": "2023-05-31T16:05:23.930Z",
    "duration": 1417,
    "testsRegistered": 1,
    "passPercent": 100,
    "pendingPercent": 0,
    "other": 0,
    "hasOther": false,
    "skipped": 0,
    "hasSkipped": false
  },
  "results": [
    {
      "uuid": "cd2b3bca-ba8e-41aa-87a5-255fd69b489b",
      "title": "",
      "fullFile": "cypress\\e2e\\get_state_cases.spec.cy.js",
      "file": "cypress\\e2e\\get_state_cases.spec.cy.js",
      "beforeHooks": [],
      "afterHooks": [],
      "tests": [],
      "suites": [
        {
          "uuid": "f4c86397-61fa-4943-afdd-b468c8929314",
          "title": "Consulta na api Covid19 Brazil API",
          "fullFile": "",
          "file": "",
          "beforeHooks": [],
          "afterHooks": [],
          "tests": [
            {
              "title": "GET - Obter lista de casos por estado",
              "fullTitle": "Consulta na api Covid19 Brazil API GET - Obter lista de casos por estado",
              "timedOut": null,
              "duration": 1314,
              "state": "passed",
              "speed": "fast",
              "pass": true,
              "fail": false,
              "pending": false,
              "context": null,
              "code": "cy.valid_list_state();",
              "err": {},
              "uuid": "bce1d437-a5f3-4613-b9bb-6ae90ac2cf8e",
              "parentUUID": "f4c86397-61fa-4943-afdd-b468c8929314",
              "isHook": false,
              "skipped": false
            }
          ],
          "suites": [],
          "passes": [
            "bce1d437-a5f3-4613-b9bb-6ae90ac2cf8e"
          ],
          "failures": [],
          "pending": [],
          "skipped": [],
          "duration": 1314,
          "root": false,
          "rootEmpty": false,
          "_timeout": 2000
        }
      ],
      "passes": [],
      "failures": [],
      "pending": [],
      "skipped": [],
      "duration": 0,
      "root": true,
      "rootEmpty": true,
      "_timeout": 2000
    }
  ],
  "meta": {
    "mocha": {
      "version": "7.0.1"
    },
    "mochawesome": {
      "options": {
        "quiet": false,
        "reportFilename": "mochawesome",
        "saveHtml": false,
        "saveJson": true,
        "consoleReporter": "spec",
        "useInlineDiffs": false,
        "code": true
      },
      "version": "7.1.3"
    },
    "marge": {
      "options": {
        "id": "default",
        "reportDir": "cypress/reports/mocha",
        "quite": true,
        "overwrite": false,
        "html": false,
        "json": true
      },
      "version": "6.2.0"
    }
  }
}