{
  "stats": {
    "suites": 1,
    "tests": 1,
    "passes": 1,
    "pending": 0,
    "failures": 0,
    "start": "2023-05-31T16:05:32.162Z",
    "end": "2023-05-31T16:05:32.895Z",
    "duration": 733,
    "testsRegistered": 1,
    "passPercent": 100,
    "pendingPercent": 0,
    "other": 0,
    "hasOther": false,
    "skipped": 0,
    "hasSkipped": false
  },
  "results": [
    {
      "uuid": "0ce98d18-0df1-4ad7-b1a7-15caabb3e169",
      "title": "",
      "fullFile": "cypress\\e2e\\get_state_country.spec.cy.js",
      "file": "cypress\\e2e\\get_state_country.spec.cy.js",
      "beforeHooks": [],
      "afterHooks": [],
      "tests": [],
      "suites": [
        {
          "uuid": "0ca90db2-6c3f-4fb8-a344-98e4cbd1f27e",
          "title": "Consulta na api Covid19 Brazil API",
          "fullFile": "",
          "file": "",
          "beforeHooks": [],
          "afterHooks": [],
          "tests": [
            {
              "title": "GET - Obter lista de casos por país",
              "fullTitle": "Consulta na api Covid19 Brazil API GET - Obter lista de casos por país",
              "timedOut": null,
              "duration": 618,
              "state": "passed",
              "speed": "fast",
              "pass": true,
              "fail": false,
              "pending": false,
              "context": null,
              "code": "cy.valid_list_country();",
              "err": {},
              "uuid": "aed27d13-db2f-44f6-ac15-f60d727a640a",
              "parentUUID": "0ca90db2-6c3f-4fb8-a344-98e4cbd1f27e",
              "isHook": false,
              "skipped": false
            }
          ],
          "suites": [],
          "passes": [
            "aed27d13-db2f-44f6-ac15-f60d727a640a"
          ],
          "failures": [],
          "pending": [],
          "skipped": [],
          "duration": 618,
          "root": false,
          "rootEmpty": false,
          "_timeout": 2000
        }
      ],
      "passes": [],
      "failures": [],
      "pending": [],
      "skipped": [],
      "duration": 0,
      "root": true,
      "rootEmpty": true,
      "_timeout": 2000
    }
  ],
  "meta": {
    "mocha": {
      "version": "7.0.1"
    },
    "mochawesome": {
      "options": {
        "quiet": false,
        "reportFilename": "mochawesome",
        "saveHtml": false,
        "saveJson": true,
        "consoleReporter": "spec",
        "useInlineDiffs": false,
        "code": true
      },
      "version": "7.1.3"
    },
    "marge": {
      "options": {
        "id": "default",
        "reportDir": "cypress/reports/mocha",
        "quite": true,
        "overwrite": false,
        "html": false,
        "json": true
      },
      "version": "6.2.0"
    }
  }
}