{
  "stats": {
    "suites": 1,
    "tests": 1,
    "passes": 0,
    "pending": 0,
    "failures": 1,
    "start": "2023-05-25T14:52:23.478Z",
    "end": "2023-05-25T14:52:24.722Z",
    "duration": 1244,
    "testsRegistered": 1,
    "passPercent": 0,
    "pendingPercent": 0,
    "other": 0,
    "hasOther": false,
    "skipped": 0,
    "hasSkipped": false
  },
  "results": [
    {
      "uuid": "b7caeb04-7839-4820-bd01-b677bdf84b4e",
      "title": "",
      "fullFile": "cypress\\e2e\\api.consulta.spec.cy.js",
      "file": "cypress\\e2e\\api.consulta.spec.cy.js",
      "beforeHooks": [],
      "afterHooks": [],
      "tests": [],
      "suites": [
        {
          "uuid": "80a3982f-64d2-45a2-a037-3d02b4a23c74",
          "title": "Consumo da api Covid19 Brazil API",
          "fullFile": "",
          "file": "",
          "beforeHooks": [],
          "afterHooks": [],
          "tests": [
            {
              "title": "GET - Realizar uma consulta com sucesso e retornar uma lista ",
              "fullTitle": "Consumo da api Covid19 Brazil API GET - Realizar uma consulta com sucesso e retornar uma lista ",
              "timedOut": null,
              "duration": 1150,
              "state": "failed",
              "speed": null,
              "pass": false,
              "fail": true,
              "pending": false,
              "context": null,
              "code": "cy.valid_status_query();",
              "err": {
                "message": "AssertionError: expected value to match json-schema '{\"type\":\"object\",\"required\":[\"...' -> '{\"uid\":35,\"uf\":\"SP\",\"state\":\"S...'\n      Invalid type: string (expected integer)\n          schema: {\"type\":\"object\",\"required\":[\"uid\",\"uf\",\"state\",\"cases\",\"dea...\n          rule:   /properties/datetime/type -> \"integer\"\n          field:  /datetime -> string: \"2023-05-23T20:33:42.538Z\"",
                "estack": "AssertionError: expected value to match json-schema '{\"type\":\"object\",\"required\":[\"...' -> '{\"uid\":35,\"uf\":\"SP\",\"state\":\"S...'\n      Invalid type: string (expected integer)\n          schema: {\"type\":\"object\",\"required\":[\"uid\",\"uf\",\"state\",\"cases\",\"dea...\n          rule:   /properties/datetime/type -> \"integer\"\n          field:  /datetime -> string: \"2023-05-23T20:33:42.538Z\"\n    at Context.eval (webpack:///./cypress/support/commands.api.js:38:10)",
                "diff": "- { uid: 35,\n-   uf: 'SP',\n-   state: 'São Paulo',\n-   cases: 6609385,\n-   deaths: 180199,\n-   suspects: 5334,\n-   refuses: 596,\n-   datetime: '2023-05-23T20:33:42.538Z' }\n+ '{\"type\":\"object\",\"required\":[\"...'\n"
              },
              "uuid": "b05b2828-8302-4f2f-a84d-f08a703d2682",
              "parentUUID": "80a3982f-64d2-45a2-a037-3d02b4a23c74",
              "isHook": false,
              "skipped": false
            }
          ],
          "suites": [],
          "passes": [],
          "failures": [
            "b05b2828-8302-4f2f-a84d-f08a703d2682"
          ],
          "pending": [],
          "skipped": [],
          "duration": 1150,
          "root": false,
          "rootEmpty": false,
          "_timeout": 2000
        }
      ],
      "passes": [],
      "failures": [],
      "pending": [],
      "skipped": [],
      "duration": 0,
      "root": true,
      "rootEmpty": true,
      "_timeout": 2000
    }
  ],
  "meta": {
    "mocha": {
      "version": "7.0.1"
    },
    "mochawesome": {
      "options": {
        "quiet": false,
        "reportFilename": "mochawesome",
        "saveHtml": false,
        "saveJson": true,
        "consoleReporter": "spec",
        "useInlineDiffs": false,
        "code": true
      },
      "version": "7.1.3"
    },
    "marge": {
      "options": {
        "id": "default",
        "reportDir": "cypress/reports/mocha",
        "quite": true,
        "overwrite": false,
        "html": false,
        "json": true
      },
      "version": "6.2.0"
    }
  }
}