{
  "stats": {
    "suites": 1,
    "tests": 1,
    "passes": 1,
    "pending": 0,
    "failures": 0,
    "start": "2023-05-31T16:05:39.930Z",
    "end": "2023-05-31T16:05:55.071Z",
    "duration": 15141,
    "testsRegistered": 1,
    "passPercent": 100,
    "pendingPercent": 0,
    "other": 0,
    "hasOther": false,
    "skipped": 0,
    "hasSkipped": false
  },
  "results": [
    {
      "uuid": "15fd3fbc-ce0f-4a3d-8eb0-9f4c1b5730ca",
      "title": "",
      "fullFile": "cypress\\e2e\\login.spec.cy.js",
      "file": "cypress\\e2e\\login.spec.cy.js",
      "beforeHooks": [],
      "afterHooks": [],
      "tests": [],
      "suites": [
        {
          "uuid": "4df96d54-9dfc-4e75-be9b-68448b8e9915",
          "title": "Validar login com sucesso do site Test Automation",
          "fullFile": "",
          "file": "",
          "beforeHooks": [],
          "afterHooks": [],
          "tests": [
            {
              "title": "Realiza o login com sucesso",
              "fullTitle": "Validar login com sucesso do site Test Automation Realiza o login com sucesso",
              "timedOut": null,
              "duration": 11708,
              "state": "passed",
              "speed": "slow",
              "pass": true,
              "fail": false,
              "pending": false,
              "context": null,
              "code": "cy.login(data.username, data.password);",
              "err": {},
              "uuid": "af0f1916-5fc3-4840-b5a7-df41ebe6d31a",
              "parentUUID": "4df96d54-9dfc-4e75-be9b-68448b8e9915",
              "isHook": false,
              "skipped": false
            }
          ],
          "suites": [],
          "passes": [
            "af0f1916-5fc3-4840-b5a7-df41ebe6d31a"
          ],
          "failures": [],
          "pending": [],
          "skipped": [],
          "duration": 11708,
          "root": false,
          "rootEmpty": false,
          "_timeout": 2000
        }
      ],
      "passes": [],
      "failures": [],
      "pending": [],
      "skipped": [],
      "duration": 0,
      "root": true,
      "rootEmpty": true,
      "_timeout": 2000
    }
  ],
  "meta": {
    "mocha": {
      "version": "7.0.1"
    },
    "mochawesome": {
      "options": {
        "quiet": false,
        "reportFilename": "mochawesome",
        "saveHtml": false,
        "saveJson": true,
        "consoleReporter": "spec",
        "useInlineDiffs": false,
        "code": true
      },
      "version": "7.1.3"
    },
    "marge": {
      "options": {
        "id": "default",
        "reportDir": "cypress/reports/mocha",
        "quite": true,
        "overwrite": false,
        "html": false,
        "json": true
      },
      "version": "6.2.0"
    }
  }
}