{
  "stats": {
    "suites": 3,
    "tests": 3,
    "passes": 3,
    "pending": 0,
    "failures": 0,
    "testsRegistered": 3,
    "passPercent": 100,
    "pendingPercent": 0,
    "other": 0,
    "hasOther": false,
    "skipped": 0,
    "hasSkipped": false,
    "start": "2023-06-05T23:12:10.181Z",
    "end": "2023-06-05T23:12:47.925Z",
    "duration": 37744
  },
  "results": [
    {
      "uuid": "88de2c2b-00b2-42c4-b59d-b61769c9a964",
      "title": "",
      "fullFile": "cypress\\e2e\\post_create_user.spec.cy.js",
      "file": "cypress\\e2e\\post_create_user.spec.cy.js",
      "beforeHooks": [],
      "afterHooks": [],
      "tests": [],
      "suites": [
        {
          "uuid": "8cf5c734-3038-407b-9c5a-7811d7404b86",
          "title": "Criar usuário na API Reqres.in",
          "fullFile": "",
          "file": "",
          "beforeHooks": [],
          "afterHooks": [],
          "tests": [
            {
              "title": "Deve criar um novo usuário",
              "fullTitle": "Criar usuário na API Reqres.in Deve criar um novo usuário",
              "timedOut": null,
              "duration": 668,
              "state": "passed",
              "speed": "fast",
              "pass": true,
              "fail": false,
              "pending": false,
              "context": null,
              "code": "cy.valid_create_user();",
              "err": {},
              "uuid": "726dda03-f533-4bd0-935e-d594cb6a019e",
              "parentUUID": "8cf5c734-3038-407b-9c5a-7811d7404b86",
              "isHook": false,
              "skipped": false
            }
          ],
          "suites": [],
          "passes": [
            "726dda03-f533-4bd0-935e-d594cb6a019e"
          ],
          "failures": [],
          "pending": [],
          "skipped": [],
          "duration": 668,
          "root": false,
          "rootEmpty": false,
          "_timeout": 2000
        }
      ],
      "passes": [],
      "failures": [],
      "pending": [],
      "skipped": [],
      "duration": 0,
      "root": true,
      "rootEmpty": true,
      "_timeout": 2000
    },
    {
      "uuid": "df47ef03-fe4b-4cde-a799-a526e5c2115e",
      "title": "",
      "fullFile": "cypress\\e2e\\web_login.spec.cy.js",
      "file": "cypress\\e2e\\web_login.spec.cy.js",
      "beforeHooks": [],
      "afterHooks": [],
      "tests": [],
      "suites": [
        {
          "uuid": "a480099a-e895-4a4b-83d8-4f2d48887b90",
          "title": "Validar login com sucesso do site Test Automation",
          "fullFile": "",
          "file": "",
          "beforeHooks": [],
          "afterHooks": [],
          "tests": [
            {
              "title": "Realiza o login com sucesso",
              "fullTitle": "Validar login com sucesso do site Test Automation Realiza o login com sucesso",
              "timedOut": null,
              "duration": 11234,
              "state": "passed",
              "speed": "slow",
              "pass": true,
              "fail": false,
              "pending": false,
              "context": null,
              "code": "cy.login(data.username, data.password);",
              "err": {},
              "uuid": "a6351536-ad8a-4b9c-82ec-bf99fb60fcfc",
              "parentUUID": "a480099a-e895-4a4b-83d8-4f2d48887b90",
              "isHook": false,
              "skipped": false
            }
          ],
          "suites": [],
          "passes": [
            "a6351536-ad8a-4b9c-82ec-bf99fb60fcfc"
          ],
          "failures": [],
          "pending": [],
          "skipped": [],
          "duration": 11234,
          "root": false,
          "rootEmpty": false,
          "_timeout": 2000
        }
      ],
      "passes": [],
      "failures": [],
      "pending": [],
      "skipped": [],
      "duration": 0,
      "root": true,
      "rootEmpty": true,
      "_timeout": 2000
    },
    {
      "uuid": "7478ee3b-c80e-46f3-bc7f-3353bdeeb102",
      "title": "",
      "fullFile": "cypress\\e2e\\get_list_users.spec.cy.js",
      "file": "cypress\\e2e\\get_list_users.spec.cy.js",
      "beforeHooks": [],
      "afterHooks": [],
      "tests": [],
      "suites": [
        {
          "uuid": "d8045c16-fdf3-4dfc-9fef-16210ec1ac31",
          "title": "Consulta de usuarios via API Reqres.in",
          "fullFile": "",
          "file": "",
          "beforeHooks": [],
          "afterHooks": [],
          "tests": [
            {
              "title": "GET - Deve retornar uma lista de usuarios",
              "fullTitle": "Consulta de usuarios via API Reqres.in GET - Deve retornar uma lista de usuarios",
              "timedOut": null,
              "duration": 534,
              "state": "passed",
              "speed": "fast",
              "pass": true,
              "fail": false,
              "pending": false,
              "context": null,
              "code": "cy.consult_list_users();",
              "err": {},
              "uuid": "d6fcc750-90ad-4b7d-b556-43911e871273",
              "parentUUID": "d8045c16-fdf3-4dfc-9fef-16210ec1ac31",
              "isHook": false,
              "skipped": false
            }
          ],
          "suites": [],
          "passes": [
            "d6fcc750-90ad-4b7d-b556-43911e871273"
          ],
          "failures": [],
          "pending": [],
          "skipped": [],
          "duration": 534,
          "root": false,
          "rootEmpty": false,
          "_timeout": 2000
        }
      ],
      "passes": [],
      "failures": [],
      "pending": [],
      "skipped": [],
      "duration": 0,
      "root": true,
      "rootEmpty": true,
      "_timeout": 2000
    }
  ],
  "meta": {
    "mocha": {
      "version": "7.0.1"
    },
    "mochawesome": {
      "options": {
        "quiet": false,
        "reportFilename": "mochawesome",
        "saveHtml": false,
        "saveJson": true,
        "consoleReporter": "spec",
        "useInlineDiffs": false,
        "code": true
      },
      "version": "7.1.3"
    },
    "marge": {
      "options": {
        "id": "default",
        "reportDir": "cypress/reports/mocha",
        "quite": true,
        "overwrite": false,
        "html": false,
        "json": true
      },
      "version": "6.2.0"
    }
  }
}