{
  "stats": {
    "suites": 1,
    "tests": 1,
    "passes": 1,
    "pending": 0,
    "failures": 0,
    "start": "2023-05-24T20:25:02.429Z",
    "end": "2023-05-24T20:25:03.296Z",
    "duration": 867,
    "testsRegistered": 1,
    "passPercent": 100,
    "pendingPercent": 0,
    "other": 0,
    "hasOther": false,
    "skipped": 0,
    "hasSkipped": false
  },
  "results": [
    {
      "uuid": "f74206d1-4bb3-4ec7-b3d4-6057944a6c31",
      "title": "",
      "fullFile": "cypress\\e2e\\api.consulta.spec.cy.js",
      "file": "cypress\\e2e\\api.consulta.spec.cy.js",
      "beforeHooks": [],
      "afterHooks": [],
      "tests": [],
      "suites": [
        {
          "uuid": "fdff424f-ce6f-4363-930c-3e714f37b826",
          "title": "Consumo da api Covid19 Brazil API",
          "fullFile": "",
          "file": "",
          "beforeHooks": [],
          "afterHooks": [],
          "tests": [
            {
              "title": "GET - Realizar uma consulta com sucesso e retornar uma lista ",
              "fullTitle": "Consumo da api Covid19 Brazil API GET - Realizar uma consulta com sucesso e retornar uma lista ",
              "timedOut": null,
              "duration": 784,
              "state": "passed",
              "speed": "fast",
              "pass": true,
              "fail": false,
              "pending": false,
              "context": null,
              "code": "cy.valid_status_query();",
              "err": {},
              "uuid": "0de4fb0b-a87b-4978-9f07-3ee58cf79374",
              "parentUUID": "fdff424f-ce6f-4363-930c-3e714f37b826",
              "isHook": false,
              "skipped": false
            }
          ],
          "suites": [],
          "passes": [
            "0de4fb0b-a87b-4978-9f07-3ee58cf79374"
          ],
          "failures": [],
          "pending": [],
          "skipped": [],
          "duration": 784,
          "root": false,
          "rootEmpty": false,
          "_timeout": 2000
        }
      ],
      "passes": [],
      "failures": [],
      "pending": [],
      "skipped": [],
      "duration": 0,
      "root": true,
      "rootEmpty": true,
      "_timeout": 2000
    }
  ],
  "meta": {
    "mocha": {
      "version": "7.0.1"
    },
    "mochawesome": {
      "options": {
        "quiet": false,
        "reportFilename": "report",
        "saveHtml": true,
        "saveJson": true,
        "consoleReporter": "spec",
        "useInlineDiffs": false,
        "code": true
      },
      "version": "7.1.3"
    },
    "marge": {
      "options": {
        "reportDir": "cypress/reports",
        "reportFilename": "report",
        "overwrite": false,
        "html": true,
        "json": true,
        "charts": true
      },
      "version": "6.2.0"
    }
  }
}